<?xml version="1.0" encoding="UTF-8"?>
<!-- Generated by org.testng.reporters.JUnitReportReporter -->
<testsuite hostname="DESKTOP-D6DO249" failures="0" tests="1" name="testcases.RegTest" time="0.039" errors="0" timestamp="2022-05-02T15:40:36 EDT" skipped="0">
  <testcase classname="testcases.RegTest" name="doRegister" time="0.039"/>
</testsuite> <!-- testcases.RegTest -->
