<?xml version="1.0" encoding="UTF-8"?>
<!-- Generated by org.testng.reporters.JUnitReportReporter -->
<testsuite hostname="DESKTOP-D6DO249" failures="0" tests="6" name="TestCases.suitea.CreateUser" time="0.013" errors="0" timestamp="2022-04-08T14:45:32 CDT" skipped="0">
  <testcase classname="TestCases.suitea.CreateUser" name="createUser" time="0.000"/>
  <testcase classname="TestCases.suitea.CreateUser" name="createUser" time="0.009"/>
  <testcase classname="TestCases.suitea.CreateUser" name="createUser" time="0.001"/>
  <testcase classname="TestCases.suitea.CreateUser" name="deleteUser" time="0.001"/>
  <testcase classname="TestCases.suitea.CreateUser" name="deleteUser" time="0.001"/>
  <testcase classname="TestCases.suitea.CreateUser" name="deleteUser" time="0.001"/>
</testsuite> <!-- TestCases.suitea.CreateUser -->
