<?xml version="1.0" encoding="UTF-8"?>
<!-- Generated by org.testng.reporters.JUnitReportReporter -->
<testsuite skipped="0" hostname="LAPTOP-5DO4UKIQ" name="TestCases.suitea.LoginTest" tests="2" failures="0" timestamp="2022-03-25T13:55:49 EDT" time="0.039" errors="0">
  <testcase name="doLogin" time="0.026" classname="TestCases.suitea.LoginTest"/>
  <testcase name="logout" time="0.013" classname="TestCases.suitea.LoginTest"/>
</testsuite> <!-- TestCases.suitea.LoginTest -->
